Performing C SOURCE FILE Test CMAKE_HAVE_LIBC_PTHREAD failed with the following output:
<<<<<<< HEAD
Change Dir: /home/cona2/catkin_ws/build/CMakeFiles/CMakeTmp

Run Build Command(s):/usr/bin/make cmTC_69ca6/fast && /usr/bin/make -f CMakeFiles/cmTC_69ca6.dir/build.make CMakeFiles/cmTC_69ca6.dir/build
make[1]: Entering directory '/home/cona2/catkin_ws/build/CMakeFiles/CMakeTmp'
Building C object CMakeFiles/cmTC_69ca6.dir/src.c.o
/usr/bin/cc   -DCMAKE_HAVE_LIBC_PTHREAD   -o CMakeFiles/cmTC_69ca6.dir/src.c.o   -c /home/cona2/catkin_ws/build/CMakeFiles/CMakeTmp/src.c
Linking C executable cmTC_69ca6
/usr/bin/cmake -E cmake_link_script CMakeFiles/cmTC_69ca6.dir/link.txt --verbose=1
/usr/bin/cc  -DCMAKE_HAVE_LIBC_PTHREAD    -rdynamic CMakeFiles/cmTC_69ca6.dir/src.c.o  -o cmTC_69ca6 
/usr/bin/ld: CMakeFiles/cmTC_69ca6.dir/src.c.o: in function `main':
=======
Change Dir: /home/cona/ROS_/build/CMakeFiles/CMakeTmp

Run Build Command(s):/usr/bin/make cmTC_04fe9/fast && /usr/bin/make -f CMakeFiles/cmTC_04fe9.dir/build.make CMakeFiles/cmTC_04fe9.dir/build
make[1]: Entering directory '/home/cona/ROS_/build/CMakeFiles/CMakeTmp'
Building C object CMakeFiles/cmTC_04fe9.dir/src.c.o
/usr/bin/cc   -DCMAKE_HAVE_LIBC_PTHREAD   -o CMakeFiles/cmTC_04fe9.dir/src.c.o   -c /home/cona/ROS_/build/CMakeFiles/CMakeTmp/src.c
Linking C executable cmTC_04fe9
/usr/bin/cmake -E cmake_link_script CMakeFiles/cmTC_04fe9.dir/link.txt --verbose=1
/usr/bin/cc  -DCMAKE_HAVE_LIBC_PTHREAD    -rdynamic CMakeFiles/cmTC_04fe9.dir/src.c.o  -o cmTC_04fe9 
/usr/bin/ld: CMakeFiles/cmTC_04fe9.dir/src.c.o: in function `main':
>>>>>>> 6ef40e22e227413384e8b51b55965cae101f30bb
src.c:(.text+0x46): undefined reference to `pthread_create'
/usr/bin/ld: src.c:(.text+0x52): undefined reference to `pthread_detach'
/usr/bin/ld: src.c:(.text+0x63): undefined reference to `pthread_join'
collect2: error: ld returned 1 exit status
<<<<<<< HEAD
make[1]: *** [CMakeFiles/cmTC_69ca6.dir/build.make:87: cmTC_69ca6] Error 1
make[1]: Leaving directory '/home/cona2/catkin_ws/build/CMakeFiles/CMakeTmp'
make: *** [Makefile:121: cmTC_69ca6/fast] Error 2
=======
make[1]: *** [CMakeFiles/cmTC_04fe9.dir/build.make:87: cmTC_04fe9] Error 1
make[1]: Leaving directory '/home/cona/ROS_/build/CMakeFiles/CMakeTmp'
make: *** [Makefile:121: cmTC_04fe9/fast] Error 2
>>>>>>> 6ef40e22e227413384e8b51b55965cae101f30bb


Source file was:
#include <pthread.h>

void* test_func(void* data)
{
  return data;
}

int main(void)
{
  pthread_t thread;
  pthread_create(&thread, NULL, test_func, NULL);
  pthread_detach(thread);
  pthread_join(thread, NULL);
  pthread_atfork(NULL, NULL, NULL);
  pthread_exit(NULL);

  return 0;
}

Determining if the function pthread_create exists in the pthreads failed with the following output:
<<<<<<< HEAD
Change Dir: /home/cona2/catkin_ws/build/CMakeFiles/CMakeTmp

Run Build Command(s):/usr/bin/make cmTC_8825f/fast && /usr/bin/make -f CMakeFiles/cmTC_8825f.dir/build.make CMakeFiles/cmTC_8825f.dir/build
make[1]: Entering directory '/home/cona2/catkin_ws/build/CMakeFiles/CMakeTmp'
Building C object CMakeFiles/cmTC_8825f.dir/CheckFunctionExists.c.o
/usr/bin/cc   -DCHECK_FUNCTION_EXISTS=pthread_create   -o CMakeFiles/cmTC_8825f.dir/CheckFunctionExists.c.o   -c /usr/share/cmake-3.16/Modules/CheckFunctionExists.c
Linking C executable cmTC_8825f
/usr/bin/cmake -E cmake_link_script CMakeFiles/cmTC_8825f.dir/link.txt --verbose=1
/usr/bin/cc  -DCHECK_FUNCTION_EXISTS=pthread_create    -rdynamic CMakeFiles/cmTC_8825f.dir/CheckFunctionExists.c.o  -o cmTC_8825f  -lpthreads 
/usr/bin/ld: cannot find -lpthreads
collect2: error: ld returned 1 exit status
make[1]: *** [CMakeFiles/cmTC_8825f.dir/build.make:87: cmTC_8825f] Error 1
make[1]: Leaving directory '/home/cona2/catkin_ws/build/CMakeFiles/CMakeTmp'
make: *** [Makefile:121: cmTC_8825f/fast] Error 2
=======
Change Dir: /home/cona/ROS_/build/CMakeFiles/CMakeTmp

Run Build Command(s):/usr/bin/make cmTC_bc8d9/fast && /usr/bin/make -f CMakeFiles/cmTC_bc8d9.dir/build.make CMakeFiles/cmTC_bc8d9.dir/build
make[1]: Entering directory '/home/cona/ROS_/build/CMakeFiles/CMakeTmp'
Building C object CMakeFiles/cmTC_bc8d9.dir/CheckFunctionExists.c.o
/usr/bin/cc   -DCHECK_FUNCTION_EXISTS=pthread_create   -o CMakeFiles/cmTC_bc8d9.dir/CheckFunctionExists.c.o   -c /usr/share/cmake-3.16/Modules/CheckFunctionExists.c
Linking C executable cmTC_bc8d9
/usr/bin/cmake -E cmake_link_script CMakeFiles/cmTC_bc8d9.dir/link.txt --verbose=1
/usr/bin/cc  -DCHECK_FUNCTION_EXISTS=pthread_create    -rdynamic CMakeFiles/cmTC_bc8d9.dir/CheckFunctionExists.c.o  -o cmTC_bc8d9  -lpthreads 
/usr/bin/ld: cannot find -lpthreads
collect2: error: ld returned 1 exit status
make[1]: *** [CMakeFiles/cmTC_bc8d9.dir/build.make:87: cmTC_bc8d9] Error 1
make[1]: Leaving directory '/home/cona/ROS_/build/CMakeFiles/CMakeTmp'
make: *** [Makefile:121: cmTC_bc8d9/fast] Error 2
>>>>>>> 6ef40e22e227413384e8b51b55965cae101f30bb



